Loading libraries, please wait...
[08:53:20 INFO]: Starting minecraft server version 1.8
[08:53:20 INFO]: Loading properties
[08:53:20 ERROR]: Exception handling console input
java.io.IOException: Bad file descriptor
	at java.io.FileInputStream.readBytes(Native Method) ~[?:1.8.0_382]
	at java.io.FileInputStream.read(FileInputStream.java:255) ~[?:1.8.0_382]
	at java.io.BufferedInputStream.fill(BufferedInputStream.java:246) ~[?:1.8.0_382]
	at java.io.BufferedInputStream.read(BufferedInputStream.java:265) ~[?:1.8.0_382]
	at org.bukkit.craftbukkit.libs.jline.internal.NonBlockingInputStream.read(NonBlockingInputStream.java:248) ~[spigot-1.8.jar:git-Spigot-c3c767f-33d5de3]
	at org.bukkit.craftbukkit.libs.jline.internal.InputStreamReader.read(InputStreamReader.java:261) ~[spigot-1.8.jar:git-Spigot-c3c767f-33d5de3]
	at org.bukkit.craftbukkit.libs.jline.internal.InputStreamReader.read(InputStreamReader.java:198) ~[spigot-1.8.jar:git-Spigot-c3c767f-33d5de3]
	at org.bukkit.craftbukkit.libs.jline.console.ConsoleReader.readCharacter(ConsoleReader.java:2145) ~[spigot-1.8.jar:git-Spigot-c3c767f-33d5de3]
	at org.bukkit.craftbukkit.libs.jline.console.ConsoleReader.readLineSimple(ConsoleReader.java:3183) ~[spigot-1.8.jar:git-Spigot-c3c767f-33d5de3]
	at org.bukkit.craftbukkit.libs.jline.console.ConsoleReader.readLine(ConsoleReader.java:2333) ~[spigot-1.8.jar:git-Spigot-c3c767f-33d5de3]
	at org.bukkit.craftbukkit.libs.jline.console.ConsoleReader.readLine(ConsoleReader.java:2269) ~[spigot-1.8.jar:git-Spigot-c3c767f-33d5de3]
	at org.bukkit.craftbukkit.libs.jline.console.ConsoleReader.readLine(ConsoleReader.java:2257) ~[spigot-1.8.jar:git-Spigot-c3c767f-33d5de3]
	at net.minecraft.server.v1_8_R1.ThreadCommandReader.run(ThreadCommandReader.java:35) [spigot-1.8.jar:git-Spigot-c3c767f-33d5de3]
[08:53:20 INFO]: Default game type: SURVIVAL
[08:53:21 INFO]: This server is running CraftBukkit version git-Spigot-c3c767f-33d5de3 (MC: 1.8) (Implementing API version 1.8-R0.1-SNAPSHOT)
[08:53:21 INFO]: Server Ping Player Sample Count: 12
[08:53:21 INFO]: Using 4 threads for Netty based IO
[08:53:21 INFO]: Debug logging is disabled
[08:53:21 INFO]: Generating keypair
[08:53:22 INFO]: Starting Minecraft server on *:25565
[08:53:23 INFO]: Set PluginClassLoader as parallel capable
[08:53:23 INFO]: [LaggRemover] Loading LaggRemover v2.0.6
[08:53:23 WARN]: **** SERVER IS RUNNING IN OFFLINE/INSECURE MODE!
[08:53:23 WARN]: The server will make no attempt to authenticate usernames. Beware.
[08:53:23 WARN]: While this makes the game possible to play without internet access, it also opens up the ability for hackers to connect with any username they choose.
[08:53:23 WARN]: To change this, set "online-mode" to "true" in the server.properties file.
[08:53:23 INFO]: **** Beginning UUID conversion, this may take A LONG time ****
[08:53:23 INFO]: Preparing level "world"
[08:53:23 INFO]: -------- World Settings For [world] --------
[08:53:23 INFO]: Mob Spawn Range: 3
[08:53:23 INFO]: Nerfing mobs spawned from spawners: true
[08:53:23 INFO]: Cactus Growth Modifier: 100%
[08:53:23 INFO]: Cane Growth Modifier: 100%
[08:53:23 INFO]: Melon Growth Modifier: 100%
[08:53:23 INFO]: Mushroom Growth Modifier: 100%
[08:53:23 INFO]: Pumpkin Growth Modifier: 100%
[08:53:23 INFO]: Sapling Growth Modifier: 100%
[08:53:23 INFO]: Wheat Growth Modifier: 100%
[08:53:23 INFO]: Entity Activation Range: An 24 / Mo 32 / Mi 8
[08:53:23 INFO]: Entity Tracking Range: Pl 48 / An 32 / Mo 32 / Mi 16 / Other 32
[08:53:23 INFO]: Alternative Hopper Ticking: false
[08:53:23 INFO]: Hopper Transfer: 8 Hopper Check: 8 Hopper Amount: 1
[08:53:23 INFO]: Random Lighting Updates: true
[08:53:23 INFO]: Structure Info Saving: true
[08:53:23 INFO]: Sending up to 10 chunks per packet
[08:53:23 INFO]: Anti X-Ray: false
[08:53:23 INFO]: 	Engine Mode: 1
[08:53:23 INFO]: 	Hidden Blocks: [14, 15, 16, 21, 48, 49, 54, 56, 73, 74, 82, 129, 130]
[08:53:23 INFO]: 	Replace Blocks: [1, 5]
[08:53:23 INFO]: Max Entity Collisions: 1
[08:53:23 INFO]: Custom Map Seeds:  Village: 10387312 Feature: 14357617
[08:53:23 INFO]: Max TNT Explosions: 20
[08:53:23 INFO]: Tile Max Tick Time: 10ms Entity max Tick Time: 20ms
[08:53:23 INFO]: Allow Zombie Pigmen to spawn from portal blocks: true
[08:53:23 INFO]: Item Merge Radius: 4.0
[08:53:23 INFO]: Item Despawn Rate: 6000
[08:53:23 INFO]: View Distance: 4
[08:53:23 INFO]: Zombie Aggressive Towards Villager: true
[08:53:23 INFO]: Arrow Despawn Rate: 1200
[08:53:23 INFO]: Chunks to Grow per Tick: 650
[08:53:23 INFO]: Clear tick list: false
[08:53:23 INFO]: Experience Merge Radius: 6.0
[08:53:23 INFO]: -------- World Settings For [world_nether] --------
[08:53:23 INFO]: Mob Spawn Range: 3
[08:53:24 INFO]: Nerfing mobs spawned from spawners: true
[08:53:24 INFO]: Cactus Growth Modifier: 100%
[08:53:24 INFO]: Cane Growth Modifier: 100%
[08:53:24 INFO]: Melon Growth Modifier: 100%
[08:53:24 INFO]: Mushroom Growth Modifier: 100%
[08:53:24 INFO]: Pumpkin Growth Modifier: 100%
[08:53:24 INFO]: Sapling Growth Modifier: 100%
[08:53:24 INFO]: Wheat Growth Modifier: 100%
[08:53:24 INFO]: Entity Activation Range: An 24 / Mo 32 / Mi 8
[08:53:24 INFO]: Entity Tracking Range: Pl 48 / An 32 / Mo 32 / Mi 16 / Other 32
[08:53:24 INFO]: Alternative Hopper Ticking: false
[08:53:24 INFO]: Hopper Transfer: 8 Hopper Check: 8 Hopper Amount: 1
[08:53:24 INFO]: Random Lighting Updates: true
[08:53:24 INFO]: Structure Info Saving: true
[08:53:24 INFO]: Sending up to 10 chunks per packet
[08:53:24 INFO]: Anti X-Ray: false
[08:53:24 INFO]: 	Engine Mode: 1
[08:53:24 INFO]: 	Hidden Blocks: [14, 15, 16, 21, 48, 49, 54, 56, 73, 74, 82, 129, 130]
[08:53:24 INFO]: 	Replace Blocks: [1, 5]
[08:53:24 INFO]: Max Entity Collisions: 1
[08:53:24 INFO]: Custom Map Seeds:  Village: 10387312 Feature: 14357617
[08:53:24 INFO]: Max TNT Explosions: 20
[08:53:24 INFO]: Tile Max Tick Time: 10ms Entity max Tick Time: 20ms
[08:53:24 INFO]: Allow Zombie Pigmen to spawn from portal blocks: true
[08:53:24 INFO]: Item Merge Radius: 4.0
[08:53:24 INFO]: Item Despawn Rate: 6000
[08:53:24 INFO]: View Distance: 4
[08:53:24 INFO]: Zombie Aggressive Towards Villager: true
[08:53:24 INFO]: Arrow Despawn Rate: 1200
[08:53:24 INFO]: Chunks to Grow per Tick: 650
[08:53:24 INFO]: Clear tick list: false
[08:53:24 INFO]: Experience Merge Radius: 6.0
[08:53:24 INFO]: -------- World Settings For [world_the_end] --------
[08:53:24 INFO]: Mob Spawn Range: 3
[08:53:24 INFO]: Nerfing mobs spawned from spawners: true
[08:53:24 INFO]: Cactus Growth Modifier: 100%
[08:53:24 INFO]: Cane Growth Modifier: 100%
[08:53:24 INFO]: Melon Growth Modifier: 100%
[08:53:24 INFO]: Mushroom Growth Modifier: 100%
[08:53:24 INFO]: Pumpkin Growth Modifier: 100%
[08:53:24 INFO]: Sapling Growth Modifier: 100%
[08:53:24 INFO]: Wheat Growth Modifier: 100%
[08:53:24 INFO]: Entity Activation Range: An 24 / Mo 32 / Mi 8
[08:53:24 INFO]: Entity Tracking Range: Pl 48 / An 32 / Mo 32 / Mi 16 / Other 32
[08:53:24 INFO]: Alternative Hopper Ticking: false
[08:53:24 INFO]: Hopper Transfer: 8 Hopper Check: 8 Hopper Amount: 1
[08:53:24 INFO]: Random Lighting Updates: true
[08:53:24 INFO]: Structure Info Saving: true
[08:53:24 INFO]: Sending up to 10 chunks per packet
[08:53:24 INFO]: Anti X-Ray: false
[08:53:24 INFO]: 	Engine Mode: 1
[08:53:24 INFO]: 	Hidden Blocks: [14, 15, 16, 21, 48, 49, 54, 56, 73, 74, 82, 129, 130]
[08:53:24 INFO]: 	Replace Blocks: [1, 5]
[08:53:24 INFO]: Max Entity Collisions: 1
[08:53:24 INFO]: Custom Map Seeds:  Village: 10387312 Feature: 14357617
[08:53:24 INFO]: Max TNT Explosions: 20
[08:53:24 INFO]: Tile Max Tick Time: 10ms Entity max Tick Time: 20ms
[08:53:24 INFO]: Allow Zombie Pigmen to spawn from portal blocks: true
[08:53:24 INFO]: Item Merge Radius: 4.0
[08:53:24 INFO]: Item Despawn Rate: 6000
[08:53:24 INFO]: View Distance: 4
[08:53:24 INFO]: Zombie Aggressive Towards Villager: true
[08:53:24 INFO]: Arrow Despawn Rate: 1200
[08:53:24 INFO]: Chunks to Grow per Tick: 650
[08:53:24 INFO]: Clear tick list: false
[08:53:24 INFO]: Experience Merge Radius: 6.0
[08:53:24 INFO]: Preparing start region for level 0 (Seed: 5170604699361764306)
[08:53:25 INFO]: Preparing spawn area: 2%
[08:53:26 INFO]: Preparing spawn area: 12%
[08:53:27 INFO]: Preparing spawn area: 32%
[08:53:28 INFO]: Preparing spawn area: 58%
[08:53:29 INFO]: Preparing start region for level 1 (Seed: 5170604699361764306)
[08:53:30 INFO]: Preparing spawn area: 31%
[08:53:31 INFO]: Preparing spawn area: 59%
[08:53:32 INFO]: Preparing spawn area: 80%
[08:53:32 INFO]: Preparing start region for level 2 (Seed: 5170604699361764306)
[08:53:33 INFO]: [LaggRemover] Enabling LaggRemover v2.0.6
[08:53:33 INFO]: 
    __                      ____                                         _    _____
   / /   ____ _____ _____ _/ __ \___  ____ ___  ____ _   _____  _____   | |  / /__ \
  / /   / __ `/ __ `/ __ `/ /_/ / _ \/ __ `__ \/ __ \ | / / _ \/ ___/   | | / /__/ /
 / /___/ /_/ / /_/ / /_/ / _, _/  __/ / / / / / /_/ / |/ /  __/ /       | |/ // __/
/_____/\__,_/\__, /\__, /_/ |_|\___/_/ /_/ /_/\____/|___/\___/_/        |___//____/
            /____//____/

[08:53:33 INFO]: [LaggRemover] Loaded 0 module(s)
[08:53:33 INFO]: [LaggRemover] The LaggRemover AI is now active!
[08:53:33 INFO]: [LaggRemover] LaggRemover has been enabled!
[08:53:33 INFO]: Server permissions file permissions.yml is empty, ignoring it
[08:53:34 INFO]: Done (10.880s)! For help, type "help" or "?"
[08:53:34 INFO]: Starting remote control listener
[08:53:34 INFO]: RCON running on 0.0.0.0:25575
[14:53:57 WARN]: [LaggRemover] The updater could not find any files for the project id 91200
[22:11:27 INFO]: UUID of player makerlai is d73a0df9-bdec-39b8-bff0-fc97f54c069e
[22:11:27 INFO]: makerlai[/192.168.1.6:52936] logged in with entity id 248 at ([world] -236.56532049003863, 69.0, 94.91892443982208)
[22:11:55 INFO]: makerlai issued server command: /time set day
[22:11:55 INFO]: [makerlai: Set the time to 1000]
[22:15:20 INFO]: makerlai issued server command: /tps
[22:15:52 INFO]: makerlai has just earned the achievement [Hot Topic]
[22:16:53 INFO]: makerlai has just earned the achievement [Time to Strike!]
[22:17:16 INFO]: makerlai has just earned the achievement [Cow Tipper]
[22:21:13 INFO]: makerlai lost connection: Disconnected
[22:21:13 INFO]: makerlai left the game.
[15:42:52 INFO]: UUID of player makerlai is d73a0df9-bdec-39b8-bff0-fc97f54c069e
[15:42:52 INFO]: makerlai[/127.0.0.1:53376] logged in with entity id 925 at ([world] -204.69807843232599, 67.0, 51.131804282333896)
[15:43:15 INFO]: makerlai lost connection: Disconnected
[15:43:15 INFO]: makerlai left the game.
[15:46:50 INFO]: UUID of player makerlai is d73a0df9-bdec-39b8-bff0-fc97f54c069e
[15:46:50 INFO]: makerlai[/127.0.0.1:53384] logged in with entity id 970 at ([world] -204.69807843232599, 67.0, 51.131804282333896)
[16:02:53 INFO]: makerlai lost connection: Disconnected
[16:02:53 INFO]: makerlai left the game.
[12:02:39 INFO]: UUID of player makerlai is d73a0df9-bdec-39b8-bff0-fc97f54c069e
[12:02:40 INFO]: makerlai[/127.0.0.1:53660] logged in with entity id 1310 at ([world] -214.19839048564418, 74.0, 99.06116519231308)
[12:02:50 INFO]: UUID of player LinproMark is 36aa831a-7478-3a14-b0c4-18f770ea0001
[12:02:50 INFO]: LinproMark[/127.0.0.1:53664] logged in with entity id 1355 at ([world] -235.5, 70.0, 75.5)
[12:03:09 INFO]: makerlai issued server command: /op LinproMark
[12:03:09 INFO]: [makerlai: Opped LinproMark]
[12:03:16 INFO]: makerlai issued server command: /time set day
[12:03:16 INFO]: [makerlai: Set the time to 1000]
[12:03:26 INFO]: LinproMark issued server command: / time set 0
[12:03:36 INFO]: LinproMark issued server command: /time set 0
[12:03:36 INFO]: [LinproMark: Set the time to 0]
[12:03:49 INFO]: LinproMark has just earned the achievement [Taking Inventory]
[12:04:39 INFO]: makerlai has just earned the achievement [Monster Hunter]
[12:05:19 INFO]: LinproMark has just earned the achievement [Getting Wood]
[12:05:59 INFO]: makerlai issued server command: /kill
[12:05:59 INFO]: makerlai fell out of the world
[12:05:59 INFO]: [makerlai: Killed makerlai]
[12:09:11 INFO]: makerlai lost connection: Disconnected
[12:09:11 INFO]: makerlai left the game.
[12:09:35 INFO]: LinproMark lost connection: Disconnected
[12:09:35 INFO]: LinproMark left the game.
[14:07:58 INFO]: UUID of player makerlai is d73a0df9-bdec-39b8-bff0-fc97f54c069e
[14:07:58 INFO]: makerlai[/127.0.0.1:53696] logged in with entity id 2290 at ([world] -362.30000001192093, 34.0, 142.69999998807913)
[14:08:32 INFO]: makerlai has just earned the achievement [Acquire Hardware]
[14:13:20 INFO]: UUID of player LinproMark is 36aa831a-7478-3a14-b0c4-18f770ea0001
[14:13:20 INFO]: LinproMark[/127.0.0.1:53700] logged in with entity id 2705 at ([world] -382.6561059707097, 46.0, 152.30000001192093)
[14:17:16 INFO]: UUID of player hhh_HHH is 8f73028d-e85e-3c86-b9a6-6592990795d4
[14:17:16 INFO]: hhh_HHH[/127.0.0.1:53706] logged in with entity id 2913 at ([world] -242.5, -1.0, 77.5)
[14:17:20 INFO]: hhh_HHH fell out of the world
[14:18:06 INFO]: LinproMark lost connection: Disconnected
[14:18:06 INFO]: LinproMark left the game.
[14:18:45 INFO]: hhh_HHH issued server command: /tp makerlai
[14:19:17 INFO]: hhh_HHH issued server command: /tp id makerlai
[14:20:02 INFO]: hhh_HHH has just earned the achievement [Taking Inventory]
[14:24:16 INFO]: hhh_HHH lost connection: Disconnected
[14:24:16 INFO]: hhh_HHH left the game.
[16:04:01 INFO]: UUID of player LinproMark is 36aa831a-7478-3a14-b0c4-18f770ea0001
[16:04:01 INFO]: LinproMark[/127.0.0.1:53734] logged in with entity id 3933 at ([world] -383.68076209397987, 21.0, 160.7535763474358)
[16:06:48 WARN]: LinproMark moved wrongly!
[16:07:23 INFO]: makerlai has just earned the achievement [DIAMONDS!]
[16:09:31 INFO]: makerlai tried to swim in lava
[16:10:21 INFO]: makerlai issued server command: /tp makerlai LinproMark
[16:10:21 INFO]: [makerlai: Teleported makerlai to LinproMark]
[16:16:08 WARN]: makerlai moved wrongly!
[16:16:08 WARN]: makerlai moved wrongly!
[16:16:08 INFO]: makerlai has just earned the achievement [We Need to Go Deeper]
[16:16:27 INFO]: makerlai issued server command: /gamerule keepInventory true
[16:16:27 INFO]: [makerlai: Game rule has been updated]
[16:16:34 INFO]: <LinproMark> -65 27 15
[16:17:20 INFO]: makerlai lost connection: Internal Exception: java.io.IOException: Broken pipe
[16:17:20 INFO]: makerlai left the game.
[16:17:20 INFO]: LinproMark lost connection: Disconnected
[16:17:20 INFO]: LinproMark left the game.
[16:17:21 INFO]: UUID of player LinproMark is 36aa831a-7478-3a14-b0c4-18f770ea0001
[16:17:21 INFO]: LinproMark[/127.0.0.1:53738] logged in with entity id 5113 at ([world_nether] -90.08082240270595, 25.0, 16.37134146942242)
[16:20:39 INFO]: UUID of player makerlai is d73a0df9-bdec-39b8-bff0-fc97f54c069e
[16:20:39 INFO]: makerlai[/127.0.0.1:53742] logged in with entity id 5500 at ([world] -394.5, 10.5, 151.0)
[16:29:49 INFO]: makerlai issued server command: /kill
[16:29:49 INFO]: makerlai fell out of the world
[16:29:49 INFO]: [makerlai: Killed makerlai]
[16:33:53 INFO]: LinproMark issued server command: /gamemode 3
[16:33:53 INFO]: [LinproMark: Set own game mode to Spectator Mode]
[16:34:13 INFO]: LinproMark issued server command: /gamemode 0
[16:34:13 INFO]: [LinproMark: Set own game mode to Survival Mode]
[16:37:17 INFO]: LinproMark issued server command: /gamemode 3
[16:37:17 INFO]: [LinproMark: Set own game mode to Spectator Mode]
[16:37:53 INFO]: LinproMark issued server command: /gamemode 0
[16:37:53 INFO]: [LinproMark: Set own game mode to Survival Mode]
[16:38:49 INFO]: UUID of player hhh_HHH is 8f73028d-e85e-3c86-b9a6-6592990795d4
[16:38:49 INFO]: hhh_HHH[/127.0.0.1:53750] logged in with entity id 8080 at ([world] -245.69999998807907, 71.0, 95.11207899502246)
[16:39:25 INFO]: makerlai issued server command: /tp hhh_HHH makerlai
[16:39:25 INFO]: [makerlai: Teleported hhh_HHH to makerlai]
[16:39:31 INFO]: hhh_HHH was slain by makerlai
[16:40:06 INFO]: hhh_HHH has just earned the achievement [Getting Wood]
[16:40:26 INFO]: hhh_HHH has just earned the achievement [Benchmarking]
[16:41:14 INFO]: hhh_HHH has just earned the achievement [Time to Strike!]
[16:41:30 INFO]: hhh_HHH has just earned the achievement [Time to Mine!]
[16:46:15 INFO]: hhh_HHH has just earned the achievement [Cow Tipper]
[16:48:32 INFO]: LinproMark tried to swim in lava
[16:49:57 INFO]: hhh_HHH has just earned the achievement [Hot Topic]
[16:51:11 INFO]: hhh_HHH has just earned the achievement [Getting an Upgrade]
[16:53:21 INFO]: makerlai issued server command: /gamemode 3
[16:53:21 INFO]: [makerlai: Set own game mode to Spectator Mode]
[16:53:49 INFO]: makerlai issued server command: /gamemode 0
[16:53:49 INFO]: [makerlai: Set own game mode to Survival Mode]
[16:56:40 INFO]: makerlai issued server command: /gamemode 3
[16:56:40 INFO]: [makerlai: Set own game mode to Spectator Mode]
[16:57:19 INFO]: makerlai issued server command: /gamemode 0
[16:57:19 INFO]: [makerlai: Set own game mode to Survival Mode]
[16:57:57 INFO]: makerlai issued server command: /kill
[16:57:57 INFO]: makerlai fell out of the world
[16:57:57 INFO]: [makerlai: Killed makerlai]
[16:58:59 INFO]: makerlai fell from a high place
[17:01:08 INFO]: makerlai issued server command: /KILL
[17:01:08 INFO]: makerlai fell out of the world
[17:01:08 INFO]: [makerlai: Killed makerlai]
[17:02:22 INFO]: hhh_HHH has just earned the achievement [Acquire Hardware]
[17:03:14 INFO]: makerlai lost connection: Disconnected
[17:03:14 INFO]: makerlai left the game.
[17:03:45 INFO]: LinproMark lost connection: Disconnected
[17:03:45 INFO]: LinproMark left the game.
[17:05:49 INFO]: hhh_HHH lost connection: Disconnected
[17:05:49 INFO]: hhh_HHH left the game.
[17:35:50 INFO]: UUID of player Ginsway is 9d91af71-1bfd-3a46-9a58-1ab4c6953de9
[17:35:50 INFO]: Ginsway[/127.0.0.1:53776] logged in with entity id 11281 at ([world] -239.5, -1.0, 81.5)
[17:35:55 INFO]: Ginsway fell out of the world
[17:36:00 INFO]: Ginsway has just earned the achievement [Taking Inventory]
[17:37:19 INFO]: Ginsway has just earned the achievement [Getting Wood]
[17:37:48 INFO]: Ginsway lost connection: Disconnected
[17:37:48 INFO]: Ginsway left the game.
[17:41:37 INFO]: UUID of player Ginsway is 9d91af71-1bfd-3a46-9a58-1ab4c6953de9
[17:41:37 INFO]: Ginsway[/127.0.0.1:53780] logged in with entity id 11411 at ([world] -258.4864662759751, 71.0, 67.30000001192091)
[17:43:29 INFO]: Ginsway issued server command: /kill
[17:43:32 INFO]: Ginsway issued server command: /op
[17:44:14 INFO]: Ginsway lost connection: Disconnected
[17:44:14 INFO]: Ginsway left the game.
[20:28:17 INFO]: UUID of player makerlai is d73a0df9-bdec-39b8-bff0-fc97f54c069e
[20:28:18 INFO]: makerlai[/127.0.0.1:53818] logged in with entity id 11479 at ([world] -256.6515811903486, 70.0, 71.69112157259774)
[20:30:10 INFO]: makerlai fell from a high place
[20:33:50 INFO]: makerlai lost connection: Disconnected
[20:33:50 INFO]: makerlai left the game.
[21:07:28 INFO]: Rcon connection from: /0:0:0:0:0:0:0:1
[21:07:35 INFO]: [Rcon: Stopping the server]
[21:07:35 INFO]: Stopping server
[21:07:35 INFO]: [LaggRemover] Disabling LaggRemover v2.0.6
[21:07:35 INFO]: [LaggRemover] LaggRemover has been disabled!
[21:07:35 INFO]: Saving players
[21:07:35 INFO]: Saving worlds
[21:07:35 INFO]: Saving chunks for level 'world'/Overworld
[21:07:35 INFO]: Saving chunks for level 'world_nether'/Nether
[21:07:35 INFO]: Saving chunks for level 'world_the_end'/The End
[m