[23:02:09] [Server thread/INFO]: Starting minecraft server version 1.8
[23:02:09] [Server thread/INFO]: Loading properties
[23:02:09] [Server thread/INFO]: Default game type: SURVIVAL
[23:02:11] [Server thread/INFO]: This server is running CraftBukkit version git-Spigot-c3c767f-33d5de3 (MC: 1.8) (Implementing API version 1.8-R0.1-SNAPSHOT)
[23:02:11] [Server thread/INFO]: Server Ping Player Sample Count: 12
[23:02:11] [Server thread/INFO]: Using 4 threads for Netty based IO
[23:02:11] [Server thread/INFO]: Debug logging is disabled
[23:02:11] [Server thread/INFO]: Generating keypair
[23:02:12] [Server thread/INFO]: Starting Minecraft server on *:25565
[23:02:12] [Server thread/INFO]: Set PluginClassLoader as parallel capable
[23:02:12] [Server thread/INFO]: [PTweaks] Loading PTweaks v6.0.16-b13
[23:02:12] [Server thread/INFO]: [LaggRemover] Loading LaggRemover v2.0.6
[23:02:12] [Server thread/WARN]: **** SERVER IS RUNNING IN OFFLINE/INSECURE MODE!
[23:02:12] [Server thread/WARN]: The server will make no attempt to authenticate usernames. Beware.
[23:02:12] [Server thread/WARN]: While this makes the game possible to play without internet access, it also opens up the ability for hackers to connect with any username they choose.
[23:02:12] [Server thread/WARN]: To change this, set "online-mode" to "true" in the server.properties file.
[23:02:12] [Server thread/INFO]: **** Beginning UUID conversion, this may take A LONG time ****
[23:02:12] [Server thread/INFO]: Preparing level "world"
[23:02:13] [Server thread/INFO]: -------- World Settings For [world] --------
[23:02:13] [Server thread/INFO]: Nerfing mobs spawned from spawners: true
[23:02:13] [Server thread/INFO]: Cactus Growth Modifier: 100%
[23:02:13] [Server thread/INFO]: Cane Growth Modifier: 100%
[23:02:13] [Server thread/INFO]: Melon Growth Modifier: 100%
[23:02:13] [Server thread/INFO]: Mushroom Growth Modifier: 100%
[23:02:13] [Server thread/INFO]: Pumpkin Growth Modifier: 100%
[23:02:13] [Server thread/INFO]: Sapling Growth Modifier: 100%
[23:02:13] [Server thread/INFO]: Wheat Growth Modifier: 100%
[23:02:13] [Server thread/INFO]: Entity Activation Range: An 24 / Mo 32 / Mi 8
[23:02:13] [Server thread/INFO]: Entity Tracking Range: Pl 48 / An 32 / Mo 32 / Mi 16 / Other 32
[23:02:13] [Server thread/INFO]: Alternative Hopper Ticking: false
[23:02:13] [Server thread/INFO]: Hopper Transfer: 8 Hopper Check: 8 Hopper Amount: 1
[23:02:13] [Server thread/INFO]: Anti X-Ray: false
[23:02:13] [Server thread/INFO]: 	Engine Mode: 1
[23:02:13] [Server thread/INFO]: 	Hidden Blocks: [14, 15, 16, 21, 48, 49, 54, 56, 73, 74, 82, 129, 130]
[23:02:13] [Server thread/INFO]: 	Replace Blocks: [1, 5]
[23:02:13] [Server thread/INFO]: Mob Spawn Range: 3
[23:02:13] [Server thread/INFO]: Random Lighting Updates: true
[23:02:13] [Server thread/INFO]: Structure Info Saving: true
[23:02:13] [Server thread/INFO]: Sending up to 10 chunks per packet
[23:02:13] [Server thread/INFO]: Max Entity Collisions: 1
[23:02:13] [Server thread/INFO]: Custom Map Seeds:  Village: 10387312 Feature: 14357617
[23:02:13] [Server thread/INFO]: Max TNT Explosions: 20
[23:02:13] [Server thread/INFO]: Tile Max Tick Time: 10ms Entity max Tick Time: 20ms
[23:02:13] [Server thread/INFO]: Allow Zombie Pigmen to spawn from portal blocks: true
[23:02:13] [Server thread/INFO]: Item Merge Radius: 4.0
[23:02:13] [Server thread/INFO]: Item Despawn Rate: 6000
[23:02:13] [Server thread/INFO]: View Distance: 4
[23:02:13] [Server thread/INFO]: Arrow Despawn Rate: 1200
[23:02:13] [Server thread/INFO]: Zombie Aggressive Towards Villager: true
[23:02:13] [Server thread/INFO]: Chunks to Grow per Tick: 650
[23:02:13] [Server thread/INFO]: Clear tick list: false
[23:02:13] [Server thread/INFO]: Experience Merge Radius: 6.0
[23:02:13] [Server thread/INFO]: -------- World Settings For [world_nether] --------
[23:02:13] [Server thread/INFO]: Nerfing mobs spawned from spawners: true
[23:02:13] [Server thread/INFO]: Cactus Growth Modifier: 100%
[23:02:13] [Server thread/INFO]: Cane Growth Modifier: 100%
[23:02:13] [Server thread/INFO]: Melon Growth Modifier: 100%
[23:02:13] [Server thread/INFO]: Mushroom Growth Modifier: 100%
[23:02:13] [Server thread/INFO]: Pumpkin Growth Modifier: 100%
[23:02:13] [Server thread/INFO]: Sapling Growth Modifier: 100%
[23:02:13] [Server thread/INFO]: Wheat Growth Modifier: 100%
[23:02:13] [Server thread/INFO]: Entity Activation Range: An 24 / Mo 32 / Mi 8
[23:02:13] [Server thread/INFO]: Entity Tracking Range: Pl 48 / An 32 / Mo 32 / Mi 16 / Other 32
[23:02:13] [Server thread/INFO]: Alternative Hopper Ticking: false
[23:02:13] [Server thread/INFO]: Hopper Transfer: 8 Hopper Check: 8 Hopper Amount: 1
[23:02:13] [Server thread/INFO]: Anti X-Ray: false
[23:02:13] [Server thread/INFO]: 	Engine Mode: 1
[23:02:13] [Server thread/INFO]: 	Hidden Blocks: [14, 15, 16, 21, 48, 49, 54, 56, 73, 74, 82, 129, 130]
[23:02:13] [Server thread/INFO]: 	Replace Blocks: [1, 5]
[23:02:13] [Server thread/INFO]: Mob Spawn Range: 3
[23:02:13] [Server thread/INFO]: Random Lighting Updates: true
[23:02:13] [Server thread/INFO]: Structure Info Saving: true
[23:02:13] [Server thread/INFO]: Sending up to 10 chunks per packet
[23:02:13] [Server thread/INFO]: Max Entity Collisions: 1
[23:02:13] [Server thread/INFO]: Custom Map Seeds:  Village: 10387312 Feature: 14357617
[23:02:13] [Server thread/INFO]: Max TNT Explosions: 20
[23:02:13] [Server thread/INFO]: Tile Max Tick Time: 10ms Entity max Tick Time: 20ms
[23:02:13] [Server thread/INFO]: Allow Zombie Pigmen to spawn from portal blocks: true
[23:02:13] [Server thread/INFO]: Item Merge Radius: 4.0
[23:02:13] [Server thread/INFO]: Item Despawn Rate: 6000
[23:02:13] [Server thread/INFO]: View Distance: 4
[23:02:13] [Server thread/INFO]: Arrow Despawn Rate: 1200
[23:02:13] [Server thread/INFO]: Zombie Aggressive Towards Villager: true
[23:02:13] [Server thread/INFO]: Chunks to Grow per Tick: 650
[23:02:13] [Server thread/INFO]: Clear tick list: false
[23:02:13] [Server thread/INFO]: Experience Merge Radius: 6.0
[23:02:13] [Server thread/INFO]: -------- World Settings For [world_the_end] --------
[23:02:13] [Server thread/INFO]: Nerfing mobs spawned from spawners: true
[23:02:13] [Server thread/INFO]: Cactus Growth Modifier: 100%
[23:02:13] [Server thread/INFO]: Cane Growth Modifier: 100%
[23:02:13] [Server thread/INFO]: Melon Growth Modifier: 100%
[23:02:13] [Server thread/INFO]: Mushroom Growth Modifier: 100%
[23:02:13] [Server thread/INFO]: Pumpkin Growth Modifier: 100%
[23:02:13] [Server thread/INFO]: Sapling Growth Modifier: 100%
[23:02:13] [Server thread/INFO]: Wheat Growth Modifier: 100%
[23:02:13] [Server thread/INFO]: Entity Activation Range: An 24 / Mo 32 / Mi 8
[23:02:13] [Server thread/INFO]: Entity Tracking Range: Pl 48 / An 32 / Mo 32 / Mi 16 / Other 32
[23:02:13] [Server thread/INFO]: Alternative Hopper Ticking: false
[23:02:13] [Server thread/INFO]: Hopper Transfer: 8 Hopper Check: 8 Hopper Amount: 1
[23:02:13] [Server thread/INFO]: Anti X-Ray: false
[23:02:13] [Server thread/INFO]: 	Engine Mode: 1
[23:02:13] [Server thread/INFO]: 	Hidden Blocks: [14, 15, 16, 21, 48, 49, 54, 56, 73, 74, 82, 129, 130]
[23:02:13] [Server thread/INFO]: 	Replace Blocks: [1, 5]
[23:02:13] [Server thread/INFO]: Mob Spawn Range: 3
[23:02:13] [Server thread/INFO]: Random Lighting Updates: true
[23:02:13] [Server thread/INFO]: Structure Info Saving: true
[23:02:13] [Server thread/INFO]: Sending up to 10 chunks per packet
[23:02:13] [Server thread/INFO]: Max Entity Collisions: 1
[23:02:13] [Server thread/INFO]: Custom Map Seeds:  Village: 10387312 Feature: 14357617
[23:02:13] [Server thread/INFO]: Max TNT Explosions: 20
[23:02:13] [Server thread/INFO]: Tile Max Tick Time: 10ms Entity max Tick Time: 20ms
[23:02:13] [Server thread/INFO]: Allow Zombie Pigmen to spawn from portal blocks: true
[23:02:13] [Server thread/INFO]: Item Merge Radius: 4.0
[23:02:13] [Server thread/INFO]: Item Despawn Rate: 6000
[23:02:13] [Server thread/INFO]: View Distance: 4
[23:02:13] [Server thread/INFO]: Arrow Despawn Rate: 1200
[23:02:13] [Server thread/INFO]: Zombie Aggressive Towards Villager: true
[23:02:13] [Server thread/INFO]: Chunks to Grow per Tick: 650
[23:02:13] [Server thread/INFO]: Clear tick list: false
[23:02:13] [Server thread/INFO]: Experience Merge Radius: 6.0
[23:02:13] [Server thread/INFO]: Preparing start region for level 0 (Seed: 5170604699361764306)
[23:02:14] [Server thread/INFO]: Preparing spawn area: 1%
[23:02:15] [Server thread/INFO]: Preparing spawn area: 15%
[23:02:16] [Server thread/INFO]: Preparing spawn area: 41%
[23:02:17] [Server thread/INFO]: Preparing spawn area: 74%
[23:02:18] [Server thread/INFO]: Preparing start region for level 1 (Seed: 5170604699361764306)
[23:02:19] [Server thread/INFO]: Preparing spawn area: 4%
[23:02:20] [Server thread/INFO]: Preparing spawn area: 9%
[23:02:21] [Server thread/INFO]: Preparing spawn area: 37%
[23:02:22] [Server thread/INFO]: Preparing spawn area: 65%
[23:02:23] [Server thread/INFO]: Preparing spawn area: 96%
[23:02:23] [Server thread/INFO]: Preparing start region for level 2 (Seed: 5170604699361764306)
[23:02:24] [Server thread/INFO]: [PTweaks] Enabling PTweaks v6.0.16-b13
[23:02:24] [Server thread/INFO]: [0;32;1m    +===========+[m
[23:02:24] [Server thread/INFO]: [0;32;1m    |  pTweaks  |[m
[23:02:24] [Server thread/INFO]: [0;32;1m    +===========+[m
[23:02:24] [Server thread/INFO]: [0;33;1m  Thank you for using pTweaks :)[m
[23:02:24] [Server thread/INFO]: [0;36;1m  Current version: [0;32;1m6.0.16-b13[m
[23:02:24] [Server thread/INFO]: [0;31;1m  Remember goto https://www.spigotmc.org/resources/ptweaks.47792/ check for new update![m
[23:02:24] [Server thread/INFO]: [0;31;1m  [m
[23:02:24] [Server thread/ERROR]: Error occurred while enabling PTweaks v6.0.16-b13 (Is it up to date?)
java.lang.NoClassDefFoundError: org/bukkit/craftbukkit/v1_8_R3/CraftServer
	at pTweaks.Bean.PerformanceTweaks.onEnable(PerformanceTweaks.java:31) ~[?:?]
	at org.bukkit.plugin.java.JavaPlugin.setEnabled(JavaPlugin.java:321) ~[spigot-1.8.jar:git-Spigot-c3c767f-33d5de3]
	at org.bukkit.plugin.java.JavaPluginLoader.enablePlugin(JavaPluginLoader.java:335) [spigot-1.8.jar:git-Spigot-c3c767f-33d5de3]
	at org.bukkit.plugin.SimplePluginManager.enablePlugin(SimplePluginManager.java:405) [spigot-1.8.jar:git-Spigot-c3c767f-33d5de3]
	at org.bukkit.craftbukkit.v1_8_R1.CraftServer.loadPlugin(CraftServer.java:356) [spigot-1.8.jar:git-Spigot-c3c767f-33d5de3]
	at org.bukkit.craftbukkit.v1_8_R1.CraftServer.enablePlugins(CraftServer.java:316) [spigot-1.8.jar:git-Spigot-c3c767f-33d5de3]
	at net.minecraft.server.v1_8_R1.MinecraftServer.q(MinecraftServer.java:402) [spigot-1.8.jar:git-Spigot-c3c767f-33d5de3]
	at net.minecraft.server.v1_8_R1.MinecraftServer.k(MinecraftServer.java:370) [spigot-1.8.jar:git-Spigot-c3c767f-33d5de3]
	at net.minecraft.server.v1_8_R1.MinecraftServer.a(MinecraftServer.java:325) [spigot-1.8.jar:git-Spigot-c3c767f-33d5de3]
	at net.minecraft.server.v1_8_R1.DedicatedServer.init(DedicatedServer.java:211) [spigot-1.8.jar:git-Spigot-c3c767f-33d5de3]
	at net.minecraft.server.v1_8_R1.MinecraftServer.run(MinecraftServer.java:505) [spigot-1.8.jar:git-Spigot-c3c767f-33d5de3]
	at java.lang.Thread.run(Thread.java:750) [?:1.8.0_382]
Caused by: java.lang.ClassNotFoundException: org.bukkit.craftbukkit.v1_8_R3.CraftServer
	at org.bukkit.plugin.java.PluginClassLoader.findClass(PluginClassLoader.java:91) ~[spigot-1.8.jar:git-Spigot-c3c767f-33d5de3]
	at org.bukkit.plugin.java.PluginClassLoader.findClass(PluginClassLoader.java:86) ~[spigot-1.8.jar:git-Spigot-c3c767f-33d5de3]
	at java.lang.ClassLoader.loadClass(ClassLoader.java:418) ~[?:1.8.0_382]
	at java.lang.ClassLoader.loadClass(ClassLoader.java:351) ~[?:1.8.0_382]
	... 12 more
[23:02:24] [Server thread/INFO]: [LaggRemover] Enabling LaggRemover v2.0.6
[23:02:24] [Server thread/INFO]: 
    __                      ____                                         _    _____
   / /   ____ _____ _____ _/ __ \___  ____ ___  ____ _   _____  _____   | |  / /__ \
  / /   / __ `/ __ `/ __ `/ /_/ / _ \/ __ `__ \/ __ \ | / / _ \/ ___/   | | / /__/ /
 / /___/ /_/ / /_/ / /_/ / _, _/  __/ / / / / / /_/ / |/ /  __/ /       | |/ // __/
/_____/\__,_/\__, /\__, /_/ |_|\___/_/ /_/ /_/\____/|___/\___/_/        |___//____/
            /____//____/

[23:02:24] [Server thread/INFO]: [LaggRemover] Loaded 0 module(s)
[23:02:24] [Server thread/INFO]: [LaggRemover] The LaggRemover AI is now active!
[23:02:24] [Server thread/INFO]: [LaggRemover] LaggRemover has been enabled!
[23:02:24] [Server thread/INFO]: Server permissions file permissions.yml is empty, ignoring it
[23:02:24] [Server thread/INFO]: Done (11.866s)! For help, type "help" or "?"
[23:02:24] [Server thread/INFO]: Starting remote control listener
[23:02:24] [RCON Listener #1/INFO]: RCON running on 0.0.0.0:25575
[23:02:43] [Server thread/INFO]: Plugins (2): [0;32;1mPTweaks[0;37;1m, [0;32;1mLaggRemover[m
[23:02:50] [Server thread/INFO]: To Disable Mobs, Set maxmonsters to 0[m
[23:04:38] [Server thread/INFO]: Stopping the server
[23:04:38] [Server thread/INFO]: Stopping server
[23:04:38] [Server thread/INFO]: [LaggRemover] Disabling LaggRemover v2.0.6
[23:04:38] [Server thread/INFO]: [LaggRemover] LaggRemover has been disabled!
[23:04:38] [Server thread/INFO]: [PTweaks] Disabling PTweaks v6.0.16-b13
[23:04:38] [Server thread/INFO]: Saving players
[23:04:38] [Server thread/INFO]: Saving worlds
[23:04:38] [Server thread/INFO]: Saving chunks for level 'world'/Overworld
[23:04:38] [Server thread/INFO]: Saving chunks for level 'world_nether'/Nether
[23:04:38] [Server thread/INFO]: Saving chunks for level 'world_the_end'/The End
